<?xml version="1.0" encoding="UTF-8" ?>
<testsuite tests="34" failures="2" name="com.imemories.test.AllRunTest" time="113.874" errors="3" skipped="0">
  <properties>
[...]
</properties>
  <testcase classname="Scenario: Initiate browser" name="When User enter valid username and password" time="0.001"/>
  <testcase classname="Scenario: Initiate browser" name="Then User is logged in successfully" time="0"/>
  <testcase classname="Scenario: Initiate browser" name="Scenario: Initiate browser" time="0.001"/>
  <testcase classname="Scenario: Verify user is able to create new Album from Album\&apos;s page" name="Given User click on Add New Album" time="0"/>
  <testcase classname="Scenario: Verify user is able to create new Album from Album\&apos;s page" name="Then ADD NEW ALBUM modal is displayed" time="0"/>
  <testcase classname="Scenario: Verify user is able to create new Album from Album\&apos;s page" name="And Enter Album Title \&apos;create_album_test\&apos; and Description \&apos;testing description\&apos;" time="0"/>
  <testcase classname="Scenario: Verify user is able to create new Album from Album\&apos;s page" name="And Click the save button" time="0"/>
  <testcase classname="Scenario: Verify user is able to create new Album from Album\&apos;s page" name="Then User is able to view the newly created Album with Title \&apos;create_album_test\&apos;" time="0"/>
  <testcase classname="Scenario: Verify user is able to create new Album from Album\&apos;s page" name="Scenario: Verify user is able to create new Album from Album\&apos;s page" time="18.392"/>
  <testcase classname="Scenario: Verify user is able to Edit existing Album\&apos; name from Album\&apos;s page" name="Given Album name \&apos;name album test\&apos; exists" time="0"/>
  <testcase classname="Scenario: Verify user is able to Edit existing Album\&apos; name from Album\&apos;s page" name="And User changes Album name from \&apos;name_album_test\&apos; to \&apos;random name album test\&apos;" time="0"/>
  <testcase classname="Scenario: Verify user is able to Edit existing Album\&apos; name from Album\&apos;s page" name="Then User is able to view the new Album name \&apos;random name album test\&apos;" time="0.004">
    <failure message="Album name did not changed to :lohg_random name album test" type="java.lang.AssertionError">java.lang.AssertionError: Album name did not changed to :lohg_random name album test
	at org.junit.Assert.fail(Assert.java:88)
	at org.junit.Assert.assertTrue(Assert.java:41)
	at com.imemories.StepDefs.AlbumStepdefs.user_is_able_to_successfully_change_to_new_Album_name_Album_test_(AlbumStepdefs.java:51)
	at ✽.Then User is able to view the new Album name &apos;random name album test&apos;(src/test/resources/features/Album.feature:20)
</failure>
  </testcase>
  <testcase classname="Scenario: Verify user is able to Edit existing Album\&apos; name from Album\&apos;s page" name="Scenario: Verify user is able to Edit existing Album\&apos; name from Album\&apos;s page" time="0.004">
    <failure message="Album name did not changed to :lohg_random name album test" type="java.lang.AssertionError">java.lang.AssertionError: Album name did not changed to :lohg_random name album test
	at org.junit.Assert.fail(Assert.java:88)
	at org.junit.Assert.assertTrue(Assert.java:41)
	at com.imemories.StepDefs.AlbumStepdefs.user_is_able_to_successfully_change_to_new_Album_name_Album_test_(AlbumStepdefs.java:51)
	at ✽.Then User is able to view the new Album name &apos;random name album test&apos;(src/test/resources/features/Album.feature:20)
</failure>
  </testcase>
  <testcase classname="Scenario: Verify user is able to Delete an Album from Album\&apos;s page" name="Given User click on Add New Album" time="0"/>
  <testcase classname="Scenario: Verify user is able to Delete an Album from Album\&apos;s page" name="Then ADD NEW ALBUM modal is displayed" time="0"/>
  <testcase classname="Scenario: Verify user is able to Delete an Album from Album\&apos;s page" name="And Enter Album Title \&apos;delete_test\&apos; and Description \&apos;testing description\&apos;" time="0"/>
  <testcase classname="Scenario: Verify user is able to Delete an Album from Album\&apos;s page" name="And Click the save button" time="0"/>
  <testcase classname="Scenario: Verify user is able to Delete an Album from Album\&apos;s page" name="Then Album name \&apos;delete_test\&apos; exists" time="0"/>
  <testcase classname="Scenario: Verify user is able to Delete an Album from Album\&apos;s page" name="And User click on Inhand menu of \&apos;delete_test\&apos;" time="0"/>
  <testcase classname="Scenario: Verify user is able to Delete an Album from Album\&apos;s page" name="And click delete Album option" time="0"/>
  <testcase classname="Scenario: Verify user is able to Delete an Album from Album\&apos;s page" name="And click YES on Confirmation dialog" time="0"/>
  <testcase classname="Scenario: Verify user is able to Delete an Album from Album\&apos;s page" name="Then User is able to successfully delete Album name \&apos;delete_test\&apos;" time="0"/>
  <testcase classname="Scenario: Verify user is able to Delete an Album from Album\&apos;s page" name="Scenario: Verify user is able to Delete an Album from Album\&apos;s page" time="0.001"/>
  <testcase classname="Scenario: Verify user is not able to Download Blank Album from Album\&apos;s page" name="Given User click on Add New Album" time="0"/>
  <testcase classname="Scenario: Verify user is not able to Download Blank Album from Album\&apos;s page" name="Then ADD NEW ALBUM modal is displayed" time="0"/>
  <testcase classname="Scenario: Verify user is not able to Download Blank Album from Album\&apos;s page" name="And Enter Album Title \&apos;Album_test_2\&apos; and Description \&apos;testing description\&apos;" time="0"/>
  <testcase classname="Scenario: Verify user is not able to Download Blank Album from Album\&apos;s page" name="And Click the save button" time="0"/>
  <testcase classname="Scenario: Verify user is not able to Download Blank Album from Album\&apos;s page" name="Given Album name \&apos;Album_test_2\&apos; exists" time="0"/>
  <testcase classname="Scenario: Verify user is not able to Download Blank Album from Album\&apos;s page" name="Then user click on Inhand menu of \&apos;Album_test_2\&apos;" time="0"/>
  <testcase classname="Scenario: Verify user is not able to Download Blank Album from Album\&apos;s page" name="Then \&apos;Download Album\&apos; is not displayed in the menu" time="0">
    <error type="java.lang.NullPointerException">java.lang.NullPointerException
	at com.imemories.StepDefs.AlbumStepdefs.download_Album_is_not_displayed_in_the_menu(AlbumStepdefs.java:103)
	at ✽.Then &apos;Download Album&apos; is not displayed in the menu(src/test/resources/features/Album.feature:42)
</error>
  </testcase>
  <testcase classname="Scenario: Verify user is not able to Download Blank Album from Album\&apos;s page" name="Scenario: Verify user is not able to Download Blank Album from Album\&apos;s page" time="0">
    <error type="java.lang.NullPointerException">java.lang.NullPointerException
	at com.imemories.StepDefs.AlbumStepdefs.download_Album_is_not_displayed_in_the_menu(AlbumStepdefs.java:103)
	at ✽.Then &apos;Download Album&apos; is not displayed in the menu(src/test/resources/features/Album.feature:42)
</error>
  </testcase>
  <testcase classname="Scenario: Verify user is not able to Download Blank Album from Album\&apos;s page" name="Scenario: Verify user is not able to Download Blank Album from Album\&apos;s page" time="6.006">
    <error message="unknown error: Element &lt;div class=&quot;album-thumbnail-menu-image&quot; data-album-id=&quot;8151207&quot;&gt;&lt;/div&gt; is not clickable at point (162, 301). Other element would receive the click: &lt;a class=&quot;popup-menu-item&quot; style=&quot;display: block;&quot;&gt;...&lt;/a&gt;
  (Session info: chrome=67.0.3396.99)
  (Driver info: chromedriver=2.37.544315 (730aa6a5fdba159ac9f4c1e8cbc59bf1b5ce12b7),platform=Windows NT 10.0.17134 x86_64) (WARNING: The server did not provide any stacktrace information)
Command duration or timeout: 64 milliseconds
Build info: version: &apos;3.0.1&apos;, revision: &apos;1969d75&apos;, time: &apos;2016-10-18 09:49:13 -0700&apos;
System info: host: &apos;DLDA1821&apos;, ip: &apos;10.0.16.99&apos;, os.name: &apos;Windows 10&apos;, os.arch: &apos;amd64&apos;, os.version: &apos;10.0&apos;, java.version: &apos;1.8.0_172&apos;
Driver info: org.openqa.selenium.chrome.ChromeDriver
Capabilities [{applicationCacheEnabled=false, rotatable=false, mobileEmulationEnabled=false, networkConnectionEnabled=false, chrome={chromedriverVersion=2.37.544315 (730aa6a5fdba159ac9f4c1e8cbc59bf1b5ce12b7), userDataDir=C:\Users\VIPULK~1.000\AppData\Local\Temp\scoped_dir8892_25058}, takesHeapSnapshot=true, pageLoadStrategy=normal, databaseEnabled=false, handlesAlerts=true, hasTouchScreen=false, version=67.0.3396.99, platform=XP, browserConnectionEnabled=false, nativeEvents=true, acceptSslCerts=false, acceptInsecureCerts=false, locationContextEnabled=true, webStorageEnabled=true, browserName=chrome, takesScreenshot=true, javascriptEnabled=true, cssSelectorsEnabled=true, setWindowRect=true, unexpectedAlertBehaviour=}]
Session ID: 4a7fd4d0c67a7a2572113be45eaf92bf" type="org.openqa.selenium.WebDriverException">org.openqa.selenium.WebDriverException: unknown error: Element &lt;div class=&quot;album-thumbnail-menu-image&quot; data-album-id=&quot;8151207&quot;&gt;&lt;/div&gt; is not clickable at point (162, 301). Other element would receive the click: &lt;a class=&quot;popup-menu-item&quot; style=&quot;display: block;&quot;&gt;...&lt;/a&gt;
  (Session info: chrome=67.0.3396.99)
  (Driver info: chromedriver=2.37.544315 (730aa6a5fdba159ac9f4c1e8cbc59bf1b5ce12b7),platform=Windows NT 10.0.17134 x86_64) (WARNING: The server did not provide any stacktrace information)
Command duration or timeout: 64 milliseconds
Build info: version: &apos;3.0.1&apos;, revision: &apos;1969d75&apos;, time: &apos;2016-10-18 09:49:13 -0700&apos;
System info: host: &apos;DLDA1821&apos;, ip: &apos;10.0.16.99&apos;, os.name: &apos;Windows 10&apos;, os.arch: &apos;amd64&apos;, os.version: &apos;10.0&apos;, java.version: &apos;1.8.0_172&apos;
Driver info: org.openqa.selenium.chrome.ChromeDriver
Capabilities [{applicationCacheEnabled=false, rotatable=false, mobileEmulationEnabled=false, networkConnectionEnabled=false, chrome={chromedriverVersion=2.37.544315 (730aa6a5fdba159ac9f4c1e8cbc59bf1b5ce12b7), userDataDir=C:\Users\VIPULK~1.000\AppData\Local\Temp\scoped_dir8892_25058}, takesHeapSnapshot=true, pageLoadStrategy=normal, databaseEnabled=false, handlesAlerts=true, hasTouchScreen=false, version=67.0.3396.99, platform=XP, browserConnectionEnabled=false, nativeEvents=true, acceptSslCerts=false, acceptInsecureCerts=false, locationContextEnabled=true, webStorageEnabled=true, browserName=chrome, takesScreenshot=true, javascriptEnabled=true, cssSelectorsEnabled=true, setWindowRect=true, unexpectedAlertBehaviour=}]
Session ID: 4a7fd4d0c67a7a2572113be45eaf92bf
	at sun.reflect.NativeConstructorAccessorImpl.newInstance0(Native Method)
	at sun.reflect.NativeConstructorAccessorImpl.newInstance(NativeConstructorAccessorImpl.java:62)
	at sun.reflect.DelegatingConstructorAccessorImpl.newInstance(DelegatingConstructorAccessorImpl.java:45)
	at java.lang.reflect.Constructor.newInstance(Constructor.java:423)
	at org.openqa.selenium.remote.ErrorHandler.createThrowable(ErrorHandler.java:216)
	at org.openqa.selenium.remote.ErrorHandler.throwIfResponseFailed(ErrorHandler.java:168)
	at org.openqa.selenium.remote.RemoteWebDriver.execute(RemoteWebDriver.java:635)
	at org.openqa.selenium.remote.RemoteWebElement.execute(RemoteWebElement.java:274)
	at org.openqa.selenium.remote.RemoteWebElement.click(RemoteWebElement.java:84)
	at com.imemories.keywords.Album.clickInhandMenuOfAlbum(Album.java:141)
	at com.imemories.StepDefs.CucumberHooks.deleteAlbum1(CucumberHooks.java:96)
	at sun.reflect.NativeMethodAccessorImpl.invoke0(Native Method)
	at sun.reflect.NativeMethodAccessorImpl.invoke(NativeMethodAccessorImpl.java:62)
	at sun.reflect.DelegatingMethodAccessorImpl.invoke(DelegatingMethodAccessorImpl.java:43)
	at java.lang.reflect.Method.invoke(Method.java:498)
	at cucumber.runtime.Utils$1.call(Utils.java:37)
	at cucumber.runtime.Timeout.timeout(Timeout.java:13)
	at cucumber.runtime.Utils.invoke(Utils.java:31)
	at cucumber.runtime.java.JavaHookDefinition.execute(JavaHookDefinition.java:60)
	at cucumber.runtime.Runtime.runHookIfTagsMatch(Runtime.java:223)
	at cucumber.runtime.Runtime.runHooks(Runtime.java:211)
	at cucumber.runtime.Runtime.runAfterHooks(Runtime.java:205)
	at cucumber.runtime.model.CucumberScenario.run(CucumberScenario.java:46)
	at cucumber.runtime.junit.ExecutionUnitRunner.run(ExecutionUnitRunner.java:91)
	at cucumber.runtime.junit.FeatureRunner.runChild(FeatureRunner.java:63)
	at cucumber.runtime.junit.FeatureRunner.runChild(FeatureRunner.java:18)
	at org.junit.runners.ParentRunner$3.run(ParentRunner.java:238)
	at org.junit.runners.ParentRunner$1.schedule(ParentRunner.java:63)
	at org.junit.runners.ParentRunner.runChildren(ParentRunner.java:236)
	at org.junit.runners.ParentRunner.access$000(ParentRunner.java:53)
	at org.junit.runners.ParentRunner$2.evaluate(ParentRunner.java:229)
	at org.junit.runners.ParentRunner.run(ParentRunner.java:309)
	at cucumber.runtime.junit.FeatureRunner.run(FeatureRunner.java:70)
	at cucumber.api.junit.Cucumber.runChild(Cucumber.java:93)
	at cucumber.api.junit.Cucumber.runChild(Cucumber.java:37)
	at org.junit.runners.ParentRunner$3.run(ParentRunner.java:238)
	at org.junit.runners.ParentRunner$1.schedule(ParentRunner.java:63)
	at org.junit.runners.ParentRunner.runChildren(ParentRunner.java:236)
	at org.junit.runners.ParentRunner.access$000(ParentRunner.java:53)
	at org.junit.runners.ParentRunner$2.evaluate(ParentRunner.java:229)
	at org.junit.runners.ParentRunner.run(ParentRunner.java:309)
	at cucumber.api.junit.Cucumber.run(Cucumber.java:98)
	at com.imemories.test.ExtendedCucumberRunner.run(ExtendedCucumberRunner.java:57)
	at org.junit.runners.Suite.runChild(Suite.java:127)
	at org.junit.runners.Suite.runChild(Suite.java:26)
	at org.junit.runners.ParentRunner$3.run(ParentRunner.java:238)
	at org.junit.runners.ParentRunner$1.schedule(ParentRunner.java:63)
	at org.junit.runners.ParentRunner.runChildren(ParentRunner.java:236)
	at org.junit.runners.ParentRunner.access$000(ParentRunner.java:53)
	at org.junit.runners.ParentRunner$2.evaluate(ParentRunner.java:229)
	at org.junit.runners.ParentRunner.run(ParentRunner.java:309)
	at org.apache.maven.surefire.junit4.JUnit4Provider.execute(JUnit4Provider.java:234)
	at org.apache.maven.surefire.junit4.JUnit4Provider.executeTestSet(JUnit4Provider.java:133)
	at org.apache.maven.surefire.junit4.JUnit4Provider.invoke(JUnit4Provider.java:114)
	at sun.reflect.NativeMethodAccessorImpl.invoke0(Native Method)
	at sun.reflect.NativeMethodAccessorImpl.invoke(NativeMethodAccessorImpl.java:62)
	at sun.reflect.DelegatingMethodAccessorImpl.invoke(DelegatingMethodAccessorImpl.java:43)
	at java.lang.reflect.Method.invoke(Method.java:498)
	at org.apache.maven.surefire.util.ReflectionUtils.invokeMethodWithArray(ReflectionUtils.java:188)
	at org.apache.maven.surefire.booter.ProviderFactory$ProviderProxy.invoke(ProviderFactory.java:166)
	at org.apache.maven.surefire.booter.ProviderFactory.invokeProvider(ProviderFactory.java:86)
	at org.apache.maven.surefire.booter.ForkedBooter.runSuitesInProcess(ForkedBooter.java:101)
	at org.apache.maven.surefire.booter.ForkedBooter.main(ForkedBooter.java:74)
</error>
    <system-out>Scenario ***failed
Save Image File Path : C:\Users\vipulkumarpathak.QAIT.000\Downloads\bbb\iMemories\target\Screenshots\Failure_Screenshot_Screenshotcucumber.runtime.ScenarioImpl@476aac9.jpg
</system-out>
  </testcase>
  <testcase classname="Scenario: Close browser session" name="Given User close the browser" time="0"/>
  <testcase classname="Scenario: Close browser session" name="Scenario: Close browser session" time="3.278"/>
</testsuite>